<?xml version="1.0" encoding="UTF-8"?>
<!-- Generated by org.testng.reporters.JUnitReportReporter -->
<testsuite hostname="DESKTOP-S9LTGP6" failures="0" tests="1" name="testPackage.AmazonTestRunner" time="41.230" errors="0" timestamp="2023-12-02T16:31:39 IST" skipped="0">
  <testcase classname="testPackage.AmazonTestRunner" name="endToEndFlowOfProductSearch" time="41.230">
    <system-out>
      <![CDATA[We are on product Page : Apple iPhone 13 (128GB) - Blue : Amazon.in: Electronics
price of product: 52,499]]>
    </system-out>
  </testcase> <!-- endToEndFlowOfProductSearch -->
  <system-out>
    <![CDATA[We are on product Page : Apple iPhone 13 (128GB) - Blue : Amazon.in: Electronics
price of product: 52,499]]>
  </system-out>
</testsuite> <!-- testPackage.AmazonTestRunner -->
